<?xml version="1.0" encoding="UTF-8"?>
<!-- Generated by org.testng.reporters.JUnitReportReporter -->
<testsuite skipped="0" hostname="SASUPPORT13" name="test.TestNGClass" tests="1" failures="0" timestamp="2020-10-21T19:55:01 IST" time="0.007" errors="0">
  <testcase name="demo" time="0.007" classname="test.TestNGClass"/>
  <system-out/>
</testsuite> <!-- test.TestNGClass -->
