<?xml version="1.0" encoding="UTF-8"?>
<!-- Generated by org.testng.reporters.JUnitReportReporter -->
<testsuite skipped="0" hostname="SASUPPORT13" name="test.Day2" tests="3" failures="0" timestamp="2020-10-21T22:17:35 IST" time="0.013" errors="0">
  <testcase name="HomeLoan" time="0.002" classname="test.Day2"/>
  <system-out/>
  <testcase name="HomeLoanLoginPage" time="0.006" classname="test.Day2"/>
  <system-out/>
  <testcase name="HomeLoanLogout" time="0.005" classname="test.Day2"/>
  <system-out/>
</testsuite> <!-- test.Day2 -->
