<?xml version="1.0" encoding="UTF-8"?>
<!-- Generated by org.testng.reporters.JUnitReportReporter -->
<testsuite skipped="0" hostname="SASUPPORT13" name="test.Test2" tests="1" failures="0" timestamp="2020-10-21T19:55:01 IST" time="0.001" errors="0">
  <testcase name="test" time="0.001" classname="test.Test2"/>
  <system-out/>
</testsuite> <!-- test.Test2 -->
