<?xml version="1.0" encoding="UTF-8"?>
<!-- Generated by org.testng.reporters.JUnitReportReporter -->
<testsuite skipped="0" hostname="SASUPPORT13" name="test.Day3" tests="5" failures="0" timestamp="2020-10-21T22:17:35 IST" time="0.009" errors="0">
  <testcase name="TwoWheeler" time="0.002" classname="test.Day3"/>
  <system-out/>
  <testcase name="TwoWheelerLogin" time="0.002" classname="test.Day3"/>
  <system-out/>
  <testcase name="TwoWheelerLogOut" time="0.001" classname="test.Day3"/>
  <system-out/>
  <testcase name="TwoWheeler" time="0.002" classname="test.Day3"/>
  <system-out/>
  <testcase name="TwoWheeler" time="0.002" classname="test.Day3"/>
  <system-out/>
</testsuite> <!-- test.Day3 -->
