<?xml version="1.0" encoding="UTF-8"?>
<!-- Generated by org.testng.reporters.JUnitReportReporter -->
<testsuite skipped="0" hostname="SASUPPORT13" name="test.Test3" tests="4" failures="0" timestamp="2020-10-21T19:55:01 IST" time="0.014" errors="0">
  <testcase name="MobLoginCarLoan" time="0.003" classname="test.Test3"/>
  <system-out/>
  <testcase name="WebLoginCarLoan" time="0.004" classname="test.Test3"/>
  <system-out/>
  <testcase name="MobLopginCarLoan" time="0.004" classname="test.Test3"/>
  <system-out/>
  <testcase name="MobLopoginCarLoan" time="0.003" classname="test.Test3"/>
  <system-out/>
</testsuite> <!-- test.Test3 -->
